<?xml version="1.0" encoding="UTF-8"?>
<!-- Generated by org.testng.reporters.JUnitReportReporter -->
<testsuite skipped="0" hostname="logesh" name="loginTest.AppTest" tests="2" failures="0" timestamp="2021-09-27T09:07:04 IST" time="0.006" errors="0">
  <testcase name="invalidDataCheck" time="0.005" classname="loginTest.AppTest"/>
  <system-out/>
  <testcase name="validDataCheck" time="0.001" classname="loginTest.AppTest"/>
  <system-out/>
</testsuite> <!-- loginTest.AppTest -->
