<?xml version="1.0" encoding="UTF-8"?>
<!-- Generated by org.testng.reporters.JUnitReportReporter -->
<testsuite skipped="0" hostname="logesh" name="loginTest.AppTest" tests="2" failures="0" timestamp="2021-09-27T11:14:41 IST" time="0.003" errors="0">
  <testcase name="invalidDataCheck" time="0.003" classname="loginTest.AppTest"/>
  <system-out/>
  <testcase name="validDataCheck" time="0.000" classname="loginTest.AppTest"/>
  <system-out/>
</testsuite> <!-- loginTest.AppTest -->
