<?xml version="1.0" encoding="UTF-8"?>
<!-- Generated by org.testng.reporters.JUnitReportReporter -->
<testsuite skipped="0" hostname="logesh" name="loginTest.Comparision" tests="1" failures="0" timestamp="2021-09-27T11:14:41 IST" time="0.000" errors="0">
  <testcase name="checkingComparision" time="0.000" classname="loginTest.Comparision"/>
  <system-out/>
</testsuite> <!-- loginTest.Comparision -->
